{"E:\\coding\\Formation\\MD_Projects\\2lsoftmanager\\server\\tests\\services\\user.js": {"path":"E:\\coding\\Formation\\MD_Projects\\2lsoftmanager\\server\\tests\\services\\user.js","statementMap":{"0":{"start":{"line":4,"column":22},"end":{"line":11,"column":1}},"1":{"start":{"line":5,"column":4},"end":{"line":10,"column":6}},"2":{"start":{"line":7,"column":8},"end":{"line":7,"column":29}},"3":{"start":{"line":9,"column":8},"end":{"line":9,"column":35}},"4":{"start":{"line":13,"column":24},"end":{"line":24,"column":1}},"5":{"start":{"line":14,"column":4},"end":{"line":23,"column":6}},"6":{"start":{"line":20,"column":8},"end":{"line":20,"column":29}},"7":{"start":{"line":22,"column":8},"end":{"line":22,"column":35}},"8":{"start":{"line":26,"column":26},"end":{"line":35,"column":1}},"9":{"start":{"line":27,"column":4},"end":{"line":34,"column":6}},"10":{"start":{"line":31,"column":8},"end":{"line":31,"column":29}},"11":{"start":{"line":33,"column":8},"end":{"line":33,"column":35}},"12":{"start":{"line":37,"column":29},"end":{"line":46,"column":1}},"13":{"start":{"line":38,"column":4},"end":{"line":45,"column":6}},"14":{"start":{"line":42,"column":8},"end":{"line":42,"column":29}},"15":{"start":{"line":44,"column":8},"end":{"line":44,"column":35}},"16":{"start":{"line":48,"column":23},"end":{"line":55,"column":1}},"17":{"start":{"line":49,"column":4},"end":{"line":54,"column":6}},"18":{"start":{"line":51,"column":8},"end":{"line":51,"column":29}},"19":{"start":{"line":53,"column":8},"end":{"line":53,"column":35}},"20":{"start":{"line":57,"column":23},"end":{"line":66,"column":1}},"21":{"start":{"line":58,"column":4},"end":{"line":65,"column":6}},"22":{"start":{"line":62,"column":8},"end":{"line":62,"column":29}},"23":{"start":{"line":64,"column":8},"end":{"line":64,"column":35}},"24":{"start":{"line":68,"column":23},"end":{"line":77,"column":1}},"25":{"start":{"line":69,"column":4},"end":{"line":76,"column":6}},"26":{"start":{"line":73,"column":8},"end":{"line":73,"column":29}},"27":{"start":{"line":75,"column":8},"end":{"line":75,"column":35}}},"fnMap":{"0":{"name":"(anonymous_0)","decl":{"start":{"line":4,"column":22},"end":{"line":4,"column":23}},"loc":{"start":{"line":4,"column":39},"end":{"line":11,"column":1}},"line":4},"1":{"name":"(anonymous_1)","decl":{"start":{"line":6,"column":10},"end":{"line":6,"column":11}},"loc":{"start":{"line":6,"column":24},"end":{"line":8,"column":5}},"line":6},"2":{"name":"(anonymous_2)","decl":{"start":{"line":8,"column":13},"end":{"line":8,"column":14}},"loc":{"start":{"line":8,"column":24},"end":{"line":10,"column":5}},"line":8},"3":{"name":"(anonymous_3)","decl":{"start":{"line":13,"column":24},"end":{"line":13,"column":25}},"loc":{"start":{"line":13,"column":57},"end":{"line":24,"column":1}},"line":13},"4":{"name":"(anonymous_4)","decl":{"start":{"line":19,"column":12},"end":{"line":19,"column":13}},"loc":{"start":{"line":19,"column":26},"end":{"line":21,"column":5}},"line":19},"5":{"name":"(anonymous_5)","decl":{"start":{"line":21,"column":13},"end":{"line":21,"column":14}},"loc":{"start":{"line":21,"column":24},"end":{"line":23,"column":5}},"line":21},"6":{"name":"(anonymous_6)","decl":{"start":{"line":26,"column":26},"end":{"line":26,"column":27}},"loc":{"start":{"line":26,"column":49},"end":{"line":35,"column":1}},"line":26},"7":{"name":"(anonymous_7)","decl":{"start":{"line":30,"column":10},"end":{"line":30,"column":11}},"loc":{"start":{"line":30,"column":24},"end":{"line":32,"column":5}},"line":30},"8":{"name":"(anonymous_8)","decl":{"start":{"line":32,"column":13},"end":{"line":32,"column":14}},"loc":{"start":{"line":32,"column":24},"end":{"line":34,"column":5}},"line":32},"9":{"name":"(anonymous_9)","decl":{"start":{"line":37,"column":29},"end":{"line":37,"column":30}},"loc":{"start":{"line":37,"column":46},"end":{"line":46,"column":1}},"line":37},"10":{"name":"(anonymous_10)","decl":{"start":{"line":41,"column":10},"end":{"line":41,"column":11}},"loc":{"start":{"line":41,"column":24},"end":{"line":43,"column":5}},"line":41},"11":{"name":"(anonymous_11)","decl":{"start":{"line":43,"column":13},"end":{"line":43,"column":14}},"loc":{"start":{"line":43,"column":24},"end":{"line":45,"column":5}},"line":43},"12":{"name":"(anonymous_12)","decl":{"start":{"line":48,"column":23},"end":{"line":48,"column":24}},"loc":{"start":{"line":48,"column":40},"end":{"line":55,"column":1}},"line":48},"13":{"name":"(anonymous_13)","decl":{"start":{"line":50,"column":10},"end":{"line":50,"column":11}},"loc":{"start":{"line":50,"column":24},"end":{"line":52,"column":5}},"line":50},"14":{"name":"(anonymous_14)","decl":{"start":{"line":52,"column":13},"end":{"line":52,"column":14}},"loc":{"start":{"line":52,"column":24},"end":{"line":54,"column":5}},"line":52},"15":{"name":"(anonymous_15)","decl":{"start":{"line":57,"column":23},"end":{"line":57,"column":24}},"loc":{"start":{"line":57,"column":46},"end":{"line":66,"column":1}},"line":57},"16":{"name":"(anonymous_16)","decl":{"start":{"line":61,"column":10},"end":{"line":61,"column":11}},"loc":{"start":{"line":61,"column":24},"end":{"line":63,"column":5}},"line":61},"17":{"name":"(anonymous_17)","decl":{"start":{"line":63,"column":13},"end":{"line":63,"column":14}},"loc":{"start":{"line":63,"column":24},"end":{"line":65,"column":5}},"line":63},"18":{"name":"(anonymous_18)","decl":{"start":{"line":68,"column":23},"end":{"line":68,"column":24}},"loc":{"start":{"line":68,"column":53},"end":{"line":77,"column":1}},"line":68},"19":{"name":"(anonymous_19)","decl":{"start":{"line":72,"column":10},"end":{"line":72,"column":11}},"loc":{"start":{"line":72,"column":24},"end":{"line":74,"column":5}},"line":72},"20":{"name":"(anonymous_20)","decl":{"start":{"line":74,"column":13},"end":{"line":74,"column":14}},"loc":{"start":{"line":74,"column":24},"end":{"line":76,"column":5}},"line":74}},"branchMap":{},"s":{"0":1,"1":2,"2":1,"3":1,"4":1,"5":2,"6":1,"7":1,"8":1,"9":2,"10":1,"11":1,"12":1,"13":2,"14":1,"15":1,"16":1,"17":2,"18":1,"19":1,"20":1,"21":2,"22":1,"23":1,"24":1,"25":2,"26":1,"27":1},"f":{"0":2,"1":1,"2":1,"3":2,"4":1,"5":1,"6":2,"7":1,"8":1,"9":2,"10":1,"11":1,"12":2,"13":1,"14":1,"15":2,"16":1,"17":1,"18":2,"19":1,"20":1},"b":{},"_coverageSchema":"1a1c01bbd47fc00a2c39e90264f33305004495a9","hash":"cfa592d8097341d20e68394c0014001ab181255e"}
}
