TN:
SF:server\tests\services\user.js
FN:4,(anonymous_0)
FN:6,(anonymous_1)
FN:8,(anonymous_2)
FN:13,(anonymous_3)
FN:19,(anonymous_4)
FN:21,(anonymous_5)
FN:26,(anonymous_6)
FN:30,(anonymous_7)
FN:32,(anonymous_8)
FN:37,(anonymous_9)
FN:41,(anonymous_10)
FN:43,(anonymous_11)
FN:48,(anonymous_12)
FN:50,(anonymous_13)
FN:52,(anonymous_14)
FN:57,(anonymous_15)
FN:61,(anonymous_16)
FN:63,(anonymous_17)
FN:68,(anonymous_18)
FN:72,(anonymous_19)
FN:74,(anonymous_20)
FNF:21
FNH:21
FNDA:2,(anonymous_0)
FNDA:1,(anonymous_1)
FNDA:1,(anonymous_2)
FNDA:2,(anonymous_3)
FNDA:1,(anonymous_4)
FNDA:1,(anonymous_5)
FNDA:2,(anonymous_6)
FNDA:1,(anonymous_7)
FNDA:1,(anonymous_8)
FNDA:2,(anonymous_9)
FNDA:1,(anonymous_10)
FNDA:1,(anonymous_11)
FNDA:2,(anonymous_12)
FNDA:1,(anonymous_13)
FNDA:1,(anonymous_14)
FNDA:2,(anonymous_15)
FNDA:1,(anonymous_16)
FNDA:1,(anonymous_17)
FNDA:2,(anonymous_18)
FNDA:1,(anonymous_19)
FNDA:1,(anonymous_20)
DA:4,1
DA:5,2
DA:7,1
DA:9,1
DA:13,1
DA:14,2
DA:20,1
DA:22,1
DA:26,1
DA:27,2
DA:31,1
DA:33,1
DA:37,1
DA:38,2
DA:42,1
DA:44,1
DA:48,1
DA:49,2
DA:51,1
DA:53,1
DA:57,1
DA:58,2
DA:62,1
DA:64,1
DA:68,1
DA:69,2
DA:73,1
DA:75,1
LF:28
LH:28
BRF:0
BRH:0
end_of_record
